mode: set
go-digital-wallet/internal/usecase/auth_usecase.go:25.124,31.2 1 0
go-digital-wallet/internal/usecase/auth_usecase.go:33.111,35.60 1 0
go-digital-wallet/internal/usecase/auth_usecase.go:35.60,38.3 2 0
go-digital-wallet/internal/usecase/auth_usecase.go:41.2,42.16 2 0
go-digital-wallet/internal/usecase/auth_usecase.go:42.16,45.3 2 0
go-digital-wallet/internal/usecase/auth_usecase.go:48.2,54.48 2 0
go-digital-wallet/internal/usecase/auth_usecase.go:54.48,57.3 2 0
go-digital-wallet/internal/usecase/auth_usecase.go:60.2,61.16 2 0
go-digital-wallet/internal/usecase/auth_usecase.go:61.16,64.3 2 0
go-digital-wallet/internal/usecase/auth_usecase.go:66.2,79.22 6 0
go-digital-wallet/internal/usecase/auth_usecase.go:82.105,85.16 2 0
go-digital-wallet/internal/usecase/auth_usecase.go:85.16,88.3 2 0
go-digital-wallet/internal/usecase/auth_usecase.go:91.2,91.99 1 0
go-digital-wallet/internal/usecase/auth_usecase.go:91.99,97.3 2 0
go-digital-wallet/internal/usecase/auth_usecase.go:100.2,101.16 2 0
go-digital-wallet/internal/usecase/auth_usecase.go:101.16,104.3 2 0
go-digital-wallet/internal/usecase/auth_usecase.go:106.2,119.22 6 0
go-digital-wallet/internal/usecase/wallet_usecase.go:36.115,42.2 1 1
go-digital-wallet/internal/usecase/wallet_usecase.go:44.144,52.51 2 1
go-digital-wallet/internal/usecase/wallet_usecase.go:52.51,55.3 2 1
go-digital-wallet/internal/usecase/wallet_usecase.go:57.2,64.8 1 1
go-digital-wallet/internal/usecase/wallet_usecase.go:67.128,72.16 4 1
go-digital-wallet/internal/usecase/wallet_usecase.go:72.16,73.45 1 1
go-digital-wallet/internal/usecase/wallet_usecase.go:73.45,75.4 1 1
go-digital-wallet/internal/usecase/wallet_usecase.go:76.3,77.63 2 1
go-digital-wallet/internal/usecase/wallet_usecase.go:80.2,85.8 1 1
go-digital-wallet/internal/usecase/wallet_usecase.go:88.156,89.21 1 1
go-digital-wallet/internal/usecase/wallet_usecase.go:89.21,91.3 1 1
go-digital-wallet/internal/usecase/wallet_usecase.go:93.2,94.21 2 1
go-digital-wallet/internal/usecase/wallet_usecase.go:94.21,97.3 2 1
go-digital-wallet/internal/usecase/wallet_usecase.go:99.2,106.16 5 1
go-digital-wallet/internal/usecase/wallet_usecase.go:106.16,107.45 1 1
go-digital-wallet/internal/usecase/wallet_usecase.go:107.45,109.4 1 1
go-digital-wallet/internal/usecase/wallet_usecase.go:110.3,111.74 2 1
go-digital-wallet/internal/usecase/wallet_usecase.go:114.2,114.33 1 1
go-digital-wallet/internal/usecase/wallet_usecase.go:114.33,121.3 2 1
go-digital-wallet/internal/usecase/wallet_usecase.go:123.2,137.71 4 1
go-digital-wallet/internal/usecase/wallet_usecase.go:137.71,140.3 2 1
go-digital-wallet/internal/usecase/wallet_usecase.go:142.2,142.89 1 1
go-digital-wallet/internal/usecase/wallet_usecase.go:142.89,145.3 2 1
go-digital-wallet/internal/usecase/wallet_usecase.go:147.2,149.93 2 1
go-digital-wallet/internal/usecase/wallet_usecase.go:149.93,152.3 2 1
go-digital-wallet/internal/usecase/wallet_usecase.go:154.2,154.42 1 1
go-digital-wallet/internal/usecase/wallet_usecase.go:154.42,157.3 2 1
go-digital-wallet/internal/usecase/wallet_usecase.go:159.2,160.71 2 1
go-digital-wallet/internal/usecase/wallet_usecase.go:160.71,161.20 1 1
go-digital-wallet/internal/usecase/wallet_usecase.go:161.20,162.58 1 0
go-digital-wallet/internal/usecase/wallet_usecase.go:162.58,164.5 1 0
go-digital-wallet/internal/usecase/wallet_usecase.go:164.10,166.5 1 0
go-digital-wallet/internal/usecase/wallet_usecase.go:168.8,170.3 1 1
go-digital-wallet/internal/usecase/wallet_usecase.go:172.2,185.8 2 1
go-digital-wallet/internal/usecase/wallet_usecase.go:188.169,192.65 3 1
go-digital-wallet/internal/usecase/wallet_usecase.go:192.65,194.50 2 1
go-digital-wallet/internal/usecase/wallet_usecase.go:194.50,197.4 2 1
go-digital-wallet/internal/usecase/wallet_usecase.go:200.2,201.16 2 1
go-digital-wallet/internal/usecase/wallet_usecase.go:201.16,202.45 1 1
go-digital-wallet/internal/usecase/wallet_usecase.go:202.45,204.4 1 1
go-digital-wallet/internal/usecase/wallet_usecase.go:205.3,205.63 1 1
go-digital-wallet/internal/usecase/wallet_usecase.go:208.2,209.16 2 1
go-digital-wallet/internal/usecase/wallet_usecase.go:209.16,212.3 2 1
go-digital-wallet/internal/usecase/wallet_usecase.go:214.2,215.16 2 1
go-digital-wallet/internal/usecase/wallet_usecase.go:215.16,218.3 2 1
go-digital-wallet/internal/usecase/wallet_usecase.go:220.2,221.33 2 1
go-digital-wallet/internal/usecase/wallet_usecase.go:221.33,231.3 1 1
go-digital-wallet/internal/usecase/wallet_usecase.go:233.2,243.49 3 1
go-digital-wallet/internal/usecase/wallet_usecase.go:243.49,244.79 1 1
go-digital-wallet/internal/usecase/wallet_usecase.go:244.79,246.4 1 0
go-digital-wallet/internal/usecase/wallet_usecase.go:249.2,249.18 1 1
